# JRE version: OpenJDK Runtime Environment Temurin-11.0.14+9 (11.0.14+9) (build 11.0.14+9)
# Java VM: OpenJDK 64-Bit Server VM Temurin-11.0.14+9 (11.0.14+9, mixed mode, tiered, compressed oops, g1 gc, windows-amd64)
Heap:
 garbage-first heap   total 520192K, used 70514K [0x0000000604600000, 0x0000000800000000)
  region size 2048K, 33 young (67584K), 5 survivors (10240K)
 Metaspace       used 40664K, capacity 41364K, committed 41552K, reserved 1087488K
  class space    used 4022K, capacity 4351K, committed 4352K, reserved 1048576K
GC Heap History (8 events):
Event: 0.293 GC heap before
{Heap before GC invocations=0 (full 0):
 garbage-first heap   total 520192K, used 22528K [0x0000000604600000, 0x0000000800000000)
  region size 2048K, 12 young (24576K), 0 survivors (0K)
 Metaspace       used 10020K, capacity 10196K, committed 10240K, reserved 1058816K
  class space    used 938K, capacity 997K, committed 1024K, reserved 1048576K
}
Event: 0.295 GC heap after
{Heap after GC invocations=1 (full 0):
 garbage-first heap   total 520192K, used 2204K [0x0000000604600000, 0x0000000800000000)
  region size 2048K, 2 young (4096K), 2 survivors (4096K)
 Metaspace       used 10020K, capacity 10196K, committed 10240K, reserved 1058816K
  class space    used 938K, capacity 997K, committed 1024K, reserved 1048576K
}
Event: 0.861 GC heap before
{Heap before GC invocations=1 (full 0):
 garbage-first heap   total 520192K, used 30876K [0x0000000604600000, 0x0000000800000000)
  region size 2048K, 17 young (34816K), 2 survivors (4096K)
 Metaspace       used 20604K, capacity 21019K, committed 21296K, reserved 1069056K
  class space    used 1895K, capacity 2085K, committed 2176K, reserved 1048576K
}
Event: 0.866 GC heap after
{Heap after GC invocations=2 (full 0):
 garbage-first heap   total 520192K, used 3360K [0x0000000604600000, 0x0000000800000000)
  region size 2048K, 2 young (4096K), 2 survivors (4096K)
 Metaspace       used 20604K, capacity 21019K, committed 21296K, reserved 1069056K
  class space    used 1895K, capacity 2085K, committed 2176K, reserved 1048576K
}
Event: 1.634 GC heap before
{Heap before GC invocations=3 (full 0):
 garbage-first heap   total 520192K, used 177440K [0x0000000604600000, 0x0000000800000000)
  region size 2048K, 87 young (178176K), 2 survivors (4096K)
 Metaspace       used 28093K, capacity 28533K, committed 28592K, reserved 1075200K
  class space    used 2600K, capacity 2812K, committed 2816K, reserved 1048576K
}
Event: 1.639 GC heap after
{Heap after GC invocations=4 (full 0):
 garbage-first heap   total 520192K, used 7601K [0x0000000604600000, 0x0000000800000000)
  region size 2048K, 4 young (8192K), 4 survivors (8192K)
 Metaspace       used 28093K, capacity 28533K, committed 28592K, reserved 1075200K
  class space    used 2600K, capacity 2812K, committed 2816K, reserved 1048576K
}
Event: 1.857 GC heap before
{Heap before GC invocations=4 (full 0):
 garbage-first heap   total 520192K, used 95665K [0x0000000604600000, 0x0000000800000000)
  region size 2048K, 49 young (100352K), 4 survivors (8192K)
 Metaspace       used 35155K, capacity 35756K, committed 35920K, reserved 1081344K
  class space    used 3509K, capacity 3766K, committed 3840K, reserved 1048576K
}
Event: 1.864 GC heap after
{Heap after GC invocations=5 (full 0):
 garbage-first heap   total 520192K, used 9074K [0x0000000604600000, 0x0000000800000000)
  region size 2048K, 5 young (10240K), 5 survivors (10240K)
 Metaspace       used 35155K, capacity 35756K, committed 35920K, reserved 1081344K
  class space    used 3509K, capacity 3766K, committed 3840K, reserved 1048576K
}

